<?xml version="1.0" encoding="UTF-8"?>
<!-- Generated by org.testng.reporters.JUnitXMLReporter -->
<testsuite hostname="DESKTOP-FCV789S" ignored="0" name="search_5" tests="1" failures="1" timestamp="13 Nov 2019 04:08:48 GMT" time="34.297" errors="0">
  <testcase name="search" time="31.636" classname="com.searchmodule.tests.SearchTest">
    <failure type="org.openqa.selenium.TimeoutException" message="Expected condition failed: waiting for number to be more than &amp;quot;2&amp;quot;. Current number: &amp;quot;2&amp;quot; (tried for 30 second(s) with 500 milliseconds interval)
Build info: version: &amp;apos;3.14.0&amp;apos;, revision: &amp;apos;aacccce0&amp;apos;, time: &amp;apos;2018-08-02T20:19:58.91Z&amp;apos;
System info: host: &amp;apos;DESKTOP-FCV789S&amp;apos;, ip: &amp;apos;10.0.75.1&amp;apos;, os.name: &amp;apos;Windows 10&amp;apos;, os.arch: &amp;apos;amd64&amp;apos;, os.version: &amp;apos;10.0&amp;apos;, java.version: &amp;apos;1.8.0_221&amp;apos;
Driver info: org.openqa.selenium.remote.RemoteWebDriver
Capabilities {acceptInsecureCerts: true, browserName: firefox, browserVersion: 63.0, javascriptEnabled: true, moz:accessibilityChecks: false, moz:geckodriverVersion: 0.23.0, moz:headless: false, moz:processID: 1909, moz:profile: /tmp/rust_mozprofile.tsgPpC..., moz:useNonSpecCompliantPointerOrigin: false, moz:webdriverClick: true, pageLoadStrategy: normal, platform: LINUX, platformName: LINUX, platformVersion: 4.9.125-linuxkit, rotatable: false, setWindowRect: true, timeouts: {implicit: 0, pageLoad: 300000, script: 30000}, unhandledPromptBehavior: dismiss and notify, webdriver.remote.sessionid: 2e280eb6-d816-4eae-a7f0-9f7...}
Session ID: 2e280eb6-d816-4eae-a7f0-9f76bfbfe450">
      <![CDATA[org.openqa.selenium.TimeoutException: Expected condition failed: waiting for number to be more than "2". Current number: "2" (tried for 30 second(s) with 500 milliseconds interval)
Build info: version: '3.14.0', revision: 'aacccce0', time: '2018-08-02T20:19:58.91Z'
System info: host: 'DESKTOP-FCV789S', ip: '10.0.75.1', os.name: 'Windows 10', os.arch: 'amd64', os.version: '10.0', java.version: '1.8.0_221'
Driver info: org.openqa.selenium.remote.RemoteWebDriver
Capabilities {acceptInsecureCerts: true, browserName: firefox, browserVersion: 63.0, javascriptEnabled: true, moz:accessibilityChecks: false, moz:geckodriverVersion: 0.23.0, moz:headless: false, moz:processID: 1909, moz:profile: /tmp/rust_mozprofile.tsgPpC..., moz:useNonSpecCompliantPointerOrigin: false, moz:webdriverClick: true, pageLoadStrategy: normal, platform: LINUX, platformName: LINUX, platformVersion: 4.9.125-linuxkit, rotatable: false, setWindowRect: true, timeouts: {implicit: 0, pageLoad: 300000, script: 30000}, unhandledPromptBehavior: dismiss and notify, webdriver.remote.sessionid: 2e280eb6-d816-4eae-a7f0-9f7...}
Session ID: 2e280eb6-d816-4eae-a7f0-9f76bfbfe450
at org.openqa.selenium.support.ui.WebDriverWait.timeoutException(WebDriverWait.java:113)
at org.openqa.selenium.support.ui.FluentWait.until(FluentWait.java:283)
at com.searchmodule.pages.SearchPage.doSearch(SearchPage.java:49)
at com.searchmodule.tests.SearchTest.search(SearchTest.java:17)
... Removed 24 stack frames]]>
    </failure>
  </testcase> <!-- search -->
</testsuite> <!-- search_5 -->
