<?xml version="1.0" encoding="UTF-8"?>
<testng-results skipped="0" failed="4" ignored="0" total="25" passed="21">
  <reporter-output>
  </reporter-output>
  <suite name="book-flight-module" duration-ms="150317" started-at="2019-11-12T03:23:54Z" finished-at="2019-11-12T03:26:24Z">
    <groups>
    </groups>
    <test name="bookFlight_3" duration-ms="87837" started-at="2019-11-12T03:23:54Z" finished-at="2019-11-12T03:25:22Z">
      <class name="com.newtours.tests.BookFlightTest">
        <test-method status="PASS" signature="setupDriver()[pri:0, instance:com.newtours.tests.BookFlightTest@553f17c]" name="setupDriver" is-config="true" duration-ms="11299" started-at="2019-11-12T03:23:54Z" finished-at="2019-11-12T03:24:05Z">
          <reporter-output>
          </reporter-output>
        </test-method> <!-- setupDriver -->
        <test-method status="PASS" signature="settinUpParameters(java.lang.String, java.lang.String)[pri:0, instance:com.newtours.tests.BookFlightTest@553f17c]" name="settinUpParameters" is-config="true" duration-ms="0" started-at="2019-11-12T03:24:05Z" depends-on-methods="com.Tests.BaseTest.setupDriver" finished-at="2019-11-12T03:24:05Z">
          <params>
            <param index="0">
              <value>
                <![CDATA[2]]>
              </value>
            </param>
            <param index="1">
              <value>
                <![CDATA[$1171 USD]]>
              </value>
            </param>
          </params>
          <reporter-output>
          </reporter-output>
        </test-method> <!-- settinUpParameters -->
        <test-method status="PASS" signature="registrationPageTest()[pri:0, instance:com.newtours.tests.BookFlightTest@553f17c]" name="registrationPageTest" duration-ms="66253" started-at="2019-11-12T03:24:05Z" finished-at="2019-11-12T03:25:11Z">
          <reporter-output>
          </reporter-output>
        </test-method> <!-- registrationPageTest -->
        <test-method status="PASS" signature="registrationConfirmationPage()[pri:0, instance:com.newtours.tests.BookFlightTest@553f17c]" name="registrationConfirmationPage" duration-ms="2006" started-at="2019-11-12T03:25:11Z" depends-on-methods="com.newtours.tests.BookFlightTest.registrationPageTest" finished-at="2019-11-12T03:25:13Z">
          <reporter-output>
          </reporter-output>
        </test-method> <!-- registrationConfirmationPage -->
        <test-method status="PASS" signature="flightDetailsPage()[pri:0, instance:com.newtours.tests.BookFlightTest@553f17c]" name="flightDetailsPage" duration-ms="2168" started-at="2019-11-12T03:25:13Z" depends-on-methods="com.newtours.tests.BookFlightTest.registrationConfirmationPage" finished-at="2019-11-12T03:25:15Z">
          <reporter-output>
          </reporter-output>
        </test-method> <!-- flightDetailsPage -->
        <test-method status="PASS" signature="findFlightsPage()[pri:0, instance:com.newtours.tests.BookFlightTest@553f17c]" name="findFlightsPage" duration-ms="3898" started-at="2019-11-12T03:25:15Z" depends-on-methods="com.newtours.tests.BookFlightTest.flightDetailsPage" finished-at="2019-11-12T03:25:19Z">
          <reporter-output>
          </reporter-output>
        </test-method> <!-- findFlightsPage -->
        <test-method status="FAIL" signature="flightConfirmationPage()[pri:0, instance:com.newtours.tests.BookFlightTest@553f17c]" name="flightConfirmationPage" duration-ms="2114" started-at="2019-11-12T03:25:19Z" depends-on-methods="com.newtours.tests.BookFlightTest.findFlightsPage" finished-at="2019-11-12T03:25:21Z">
          <exception class="java.lang.AssertionError">
            <message>
              <![CDATA[expected [$1171 USD] but found [$1169 USD]]]>
            </message>
            <full-stacktrace>
              <![CDATA[java.lang.AssertionError: expected [$1171 USD] but found [$1169 USD]
at org.testng.Assert.fail(Assert.java:96)
at org.testng.Assert.failNotEquals(Assert.java:776)
at org.testng.Assert.assertEqualsImpl(Assert.java:137)
at org.testng.Assert.assertEquals(Assert.java:118)
at org.testng.Assert.assertEquals(Assert.java:453)
at org.testng.Assert.assertEquals(Assert.java:463)
at com.newtours.tests.BookFlightTest.flightConfirmationPage(BookFlightTest.java:60)
at sun.reflect.NativeMethodAccessorImpl.invoke0(Native Method)
at sun.reflect.NativeMethodAccessorImpl.invoke(Unknown Source)
at sun.reflect.DelegatingMethodAccessorImpl.invoke(Unknown Source)
at java.lang.reflect.Method.invoke(Unknown Source)
at org.testng.internal.MethodInvocationHelper.invokeMethod(MethodInvocationHelper.java:124)
at org.testng.internal.Invoker.invokeMethod(Invoker.java:583)
at org.testng.internal.Invoker.invokeTestMethod(Invoker.java:719)
at org.testng.internal.Invoker.invokeTestMethods(Invoker.java:989)
at org.testng.internal.TestMethodWorker.invokeTestMethods(TestMethodWorker.java:125)
at org.testng.internal.TestMethodWorker.run(TestMethodWorker.java:109)
at org.testng.TestRunner.privateRun(TestRunner.java:648)
at org.testng.TestRunner.run(TestRunner.java:505)
at org.testng.SuiteRunner.runTest(SuiteRunner.java:455)
at org.testng.SuiteRunner.access$000(SuiteRunner.java:40)
at org.testng.SuiteRunner$SuiteWorker.run(SuiteRunner.java:489)
at org.testng.internal.thread.ThreadUtil$1.call(ThreadUtil.java:52)
at java.util.concurrent.FutureTask.run(Unknown Source)
at java.util.concurrent.ThreadPoolExecutor.runWorker(Unknown Source)
at java.util.concurrent.ThreadPoolExecutor$Worker.run(Unknown Source)
at java.lang.Thread.run(Unknown Source)
]]>
            </full-stacktrace>
          </exception> <!-- java.lang.AssertionError -->
          <reporter-output>
          </reporter-output>
        </test-method> <!-- flightConfirmationPage -->
        <test-method status="PASS" signature="quitBrowser()[pri:0, instance:com.newtours.tests.BookFlightTest@553f17c]" name="quitBrowser" is-config="true" duration-ms="76" started-at="2019-11-12T03:25:21Z" finished-at="2019-11-12T03:25:22Z">
          <reporter-output>
          </reporter-output>
        </test-method> <!-- quitBrowser -->
      </class> <!-- com.newtours.tests.BookFlightTest -->
    </test> <!-- bookFlight_3 -->
    <test name="bookFlight_1" duration-ms="88124" started-at="2019-11-12T03:23:54Z" finished-at="2019-11-12T03:25:22Z">
      <class name="com.newtours.tests.BookFlightTest">
        <test-method status="PASS" signature="setupDriver()[pri:0, instance:com.newtours.tests.BookFlightTest@3532ec19]" name="setupDriver" is-config="true" duration-ms="11220" started-at="2019-11-12T03:23:54Z" finished-at="2019-11-12T03:24:05Z">
          <reporter-output>
          </reporter-output>
        </test-method> <!-- setupDriver -->
        <test-method status="PASS" signature="settinUpParameters(java.lang.String, java.lang.String)[pri:0, instance:com.newtours.tests.BookFlightTest@3532ec19]" name="settinUpParameters" is-config="true" duration-ms="0" started-at="2019-11-12T03:24:05Z" depends-on-methods="com.Tests.BaseTest.setupDriver" finished-at="2019-11-12T03:24:05Z">
          <params>
            <param index="0">
              <value>
                <![CDATA[2]]>
              </value>
            </param>
            <param index="1">
              <value>
                <![CDATA[$1169 USD]]>
              </value>
            </param>
          </params>
          <reporter-output>
          </reporter-output>
        </test-method> <!-- settinUpParameters -->
        <test-method status="PASS" signature="registrationPageTest()[pri:0, instance:com.newtours.tests.BookFlightTest@3532ec19]" name="registrationPageTest" duration-ms="66288" started-at="2019-11-12T03:24:05Z" finished-at="2019-11-12T03:25:11Z">
          <reporter-output>
          </reporter-output>
        </test-method> <!-- registrationPageTest -->
        <test-method status="PASS" signature="registrationConfirmationPage()[pri:0, instance:com.newtours.tests.BookFlightTest@3532ec19]" name="registrationConfirmationPage" duration-ms="1861" started-at="2019-11-12T03:25:11Z" depends-on-methods="com.newtours.tests.BookFlightTest.registrationPageTest" finished-at="2019-11-12T03:25:13Z">
          <reporter-output>
          </reporter-output>
        </test-method> <!-- registrationConfirmationPage -->
        <test-method status="PASS" signature="flightDetailsPage()[pri:0, instance:com.newtours.tests.BookFlightTest@3532ec19]" name="flightDetailsPage" duration-ms="2407" started-at="2019-11-12T03:25:13Z" depends-on-methods="com.newtours.tests.BookFlightTest.registrationConfirmationPage" finished-at="2019-11-12T03:25:15Z">
          <reporter-output>
          </reporter-output>
        </test-method> <!-- flightDetailsPage -->
        <test-method status="PASS" signature="findFlightsPage()[pri:0, instance:com.newtours.tests.BookFlightTest@3532ec19]" name="findFlightsPage" duration-ms="4053" started-at="2019-11-12T03:25:15Z" depends-on-methods="com.newtours.tests.BookFlightTest.flightDetailsPage" finished-at="2019-11-12T03:25:20Z">
          <reporter-output>
          </reporter-output>
        </test-method> <!-- findFlightsPage -->
        <test-method status="PASS" signature="flightConfirmationPage()[pri:0, instance:com.newtours.tests.BookFlightTest@3532ec19]" name="flightConfirmationPage" duration-ms="2175" started-at="2019-11-12T03:25:20Z" depends-on-methods="com.newtours.tests.BookFlightTest.findFlightsPage" finished-at="2019-11-12T03:25:22Z">
          <reporter-output>
          </reporter-output>
        </test-method> <!-- flightConfirmationPage -->
        <test-method status="PASS" signature="quitBrowser()[pri:0, instance:com.newtours.tests.BookFlightTest@3532ec19]" name="quitBrowser" is-config="true" duration-ms="103" started-at="2019-11-12T03:25:22Z" finished-at="2019-11-12T03:25:22Z">
          <reporter-output>
          </reporter-output>
        </test-method> <!-- quitBrowser -->
      </class> <!-- com.newtours.tests.BookFlightTest -->
    </test> <!-- bookFlight_1 -->
    <test name="bookFlight_5" duration-ms="88423" started-at="2019-11-12T03:23:54Z" finished-at="2019-11-12T03:25:22Z">
      <class name="com.newtours.tests.BookFlightTest">
        <test-method status="PASS" signature="setupDriver()[pri:0, instance:com.newtours.tests.BookFlightTest@3f49dace]" name="setupDriver" is-config="true" duration-ms="6913" started-at="2019-11-12T03:23:54Z" finished-at="2019-11-12T03:24:01Z">
          <reporter-output>
          </reporter-output>
        </test-method> <!-- setupDriver -->
        <test-method status="PASS" signature="settinUpParameters(java.lang.String, java.lang.String)[pri:0, instance:com.newtours.tests.BookFlightTest@3f49dace]" name="settinUpParameters" is-config="true" duration-ms="7" started-at="2019-11-12T03:24:01Z" depends-on-methods="com.Tests.BaseTest.setupDriver" finished-at="2019-11-12T03:24:01Z">
          <params>
            <param index="0">
              <value>
                <![CDATA[2]]>
              </value>
            </param>
            <param index="1">
              <value>
                <![CDATA[$1173 USD]]>
              </value>
            </param>
          </params>
          <reporter-output>
          </reporter-output>
        </test-method> <!-- settinUpParameters -->
        <test-method status="PASS" signature="registrationPageTest()[pri:0, instance:com.newtours.tests.BookFlightTest@3f49dace]" name="registrationPageTest" duration-ms="70500" started-at="2019-11-12T03:24:01Z" finished-at="2019-11-12T03:25:11Z">
          <reporter-output>
          </reporter-output>
        </test-method> <!-- registrationPageTest -->
        <test-method status="PASS" signature="registrationConfirmationPage()[pri:0, instance:com.newtours.tests.BookFlightTest@3f49dace]" name="registrationConfirmationPage" duration-ms="2392" started-at="2019-11-12T03:25:11Z" depends-on-methods="com.newtours.tests.BookFlightTest.registrationPageTest" finished-at="2019-11-12T03:25:14Z">
          <reporter-output>
          </reporter-output>
        </test-method> <!-- registrationConfirmationPage -->
        <test-method status="PASS" signature="flightDetailsPage()[pri:0, instance:com.newtours.tests.BookFlightTest@3f49dace]" name="flightDetailsPage" duration-ms="2224" started-at="2019-11-12T03:25:14Z" depends-on-methods="com.newtours.tests.BookFlightTest.registrationConfirmationPage" finished-at="2019-11-12T03:25:16Z">
          <reporter-output>
          </reporter-output>
        </test-method> <!-- flightDetailsPage -->
        <test-method status="PASS" signature="findFlightsPage()[pri:0, instance:com.newtours.tests.BookFlightTest@3f49dace]" name="findFlightsPage" duration-ms="4150" started-at="2019-11-12T03:25:16Z" depends-on-methods="com.newtours.tests.BookFlightTest.flightDetailsPage" finished-at="2019-11-12T03:25:20Z">
          <reporter-output>
          </reporter-output>
        </test-method> <!-- findFlightsPage -->
        <test-method status="FAIL" signature="flightConfirmationPage()[pri:0, instance:com.newtours.tests.BookFlightTest@3f49dace]" name="flightConfirmationPage" duration-ms="2106" started-at="2019-11-12T03:25:20Z" depends-on-methods="com.newtours.tests.BookFlightTest.findFlightsPage" finished-at="2019-11-12T03:25:22Z">
          <exception class="java.lang.AssertionError">
            <message>
              <![CDATA[expected [$1173 USD] but found [$1169 USD]]]>
            </message>
            <full-stacktrace>
              <![CDATA[java.lang.AssertionError: expected [$1173 USD] but found [$1169 USD]
at org.testng.Assert.fail(Assert.java:96)
at org.testng.Assert.failNotEquals(Assert.java:776)
at org.testng.Assert.assertEqualsImpl(Assert.java:137)
at org.testng.Assert.assertEquals(Assert.java:118)
at org.testng.Assert.assertEquals(Assert.java:453)
at org.testng.Assert.assertEquals(Assert.java:463)
at com.newtours.tests.BookFlightTest.flightConfirmationPage(BookFlightTest.java:60)
at sun.reflect.NativeMethodAccessorImpl.invoke0(Native Method)
at sun.reflect.NativeMethodAccessorImpl.invoke(Unknown Source)
at sun.reflect.DelegatingMethodAccessorImpl.invoke(Unknown Source)
at java.lang.reflect.Method.invoke(Unknown Source)
at org.testng.internal.MethodInvocationHelper.invokeMethod(MethodInvocationHelper.java:124)
at org.testng.internal.Invoker.invokeMethod(Invoker.java:583)
at org.testng.internal.Invoker.invokeTestMethod(Invoker.java:719)
at org.testng.internal.Invoker.invokeTestMethods(Invoker.java:989)
at org.testng.internal.TestMethodWorker.invokeTestMethods(TestMethodWorker.java:125)
at org.testng.internal.TestMethodWorker.run(TestMethodWorker.java:109)
at org.testng.TestRunner.privateRun(TestRunner.java:648)
at org.testng.TestRunner.run(TestRunner.java:505)
at org.testng.SuiteRunner.runTest(SuiteRunner.java:455)
at org.testng.SuiteRunner.access$000(SuiteRunner.java:40)
at org.testng.SuiteRunner$SuiteWorker.run(SuiteRunner.java:489)
at org.testng.internal.thread.ThreadUtil$1.call(ThreadUtil.java:52)
at java.util.concurrent.FutureTask.run(Unknown Source)
at java.util.concurrent.ThreadPoolExecutor.runWorker(Unknown Source)
at java.util.concurrent.ThreadPoolExecutor$Worker.run(Unknown Source)
at java.lang.Thread.run(Unknown Source)
]]>
            </full-stacktrace>
          </exception> <!-- java.lang.AssertionError -->
          <reporter-output>
          </reporter-output>
        </test-method> <!-- flightConfirmationPage -->
        <test-method status="PASS" signature="quitBrowser()[pri:0, instance:com.newtours.tests.BookFlightTest@3f49dace]" name="quitBrowser" is-config="true" duration-ms="77" started-at="2019-11-12T03:25:22Z" finished-at="2019-11-12T03:25:22Z">
          <reporter-output>
          </reporter-output>
        </test-method> <!-- quitBrowser -->
      </class> <!-- com.newtours.tests.BookFlightTest -->
    </test> <!-- bookFlight_5 -->
    <test name="bookFlight_2" duration-ms="119463" started-at="2019-11-12T03:23:54Z" finished-at="2019-11-12T03:25:53Z">
      <class name="com.newtours.tests.BookFlightTest">
        <test-method status="PASS" signature="setupDriver()[pri:0, instance:com.newtours.tests.BookFlightTest@f6c48ac]" name="setupDriver" is-config="true" duration-ms="11247" started-at="2019-11-12T03:23:54Z" finished-at="2019-11-12T03:24:05Z">
          <reporter-output>
          </reporter-output>
        </test-method> <!-- setupDriver -->
        <test-method status="PASS" signature="settinUpParameters(java.lang.String, java.lang.String)[pri:0, instance:com.newtours.tests.BookFlightTest@f6c48ac]" name="settinUpParameters" is-config="true" duration-ms="1" started-at="2019-11-12T03:24:05Z" depends-on-methods="com.Tests.BaseTest.setupDriver" finished-at="2019-11-12T03:24:05Z">
          <params>
            <param index="0">
              <value>
                <![CDATA[2]]>
              </value>
            </param>
            <param index="1">
              <value>
                <![CDATA[$1170 USD]]>
              </value>
            </param>
          </params>
          <reporter-output>
          </reporter-output>
        </test-method> <!-- settinUpParameters -->
        <test-method status="PASS" signature="registrationPageTest()[pri:0, instance:com.newtours.tests.BookFlightTest@f6c48ac]" name="registrationPageTest" duration-ms="66204" started-at="2019-11-12T03:24:05Z" finished-at="2019-11-12T03:25:11Z">
          <reporter-output>
          </reporter-output>
        </test-method> <!-- registrationPageTest -->
        <test-method status="PASS" signature="registrationConfirmationPage()[pri:0, instance:com.newtours.tests.BookFlightTest@f6c48ac]" name="registrationConfirmationPage" duration-ms="1684" started-at="2019-11-12T03:25:11Z" depends-on-methods="com.newtours.tests.BookFlightTest.registrationPageTest" finished-at="2019-11-12T03:25:13Z">
          <reporter-output>
          </reporter-output>
        </test-method> <!-- registrationConfirmationPage -->
        <test-method status="PASS" signature="flightDetailsPage()[pri:0, instance:com.newtours.tests.BookFlightTest@f6c48ac]" name="flightDetailsPage" duration-ms="2268" started-at="2019-11-12T03:25:13Z" depends-on-methods="com.newtours.tests.BookFlightTest.registrationConfirmationPage" finished-at="2019-11-12T03:25:15Z">
          <reporter-output>
          </reporter-output>
        </test-method> <!-- flightDetailsPage -->
        <test-method status="PASS" signature="findFlightsPage()[pri:0, instance:com.newtours.tests.BookFlightTest@f6c48ac]" name="findFlightsPage" duration-ms="7763" started-at="2019-11-12T03:25:15Z" depends-on-methods="com.newtours.tests.BookFlightTest.flightDetailsPage" finished-at="2019-11-12T03:25:23Z">
          <reporter-output>
          </reporter-output>
        </test-method> <!-- findFlightsPage -->
        <test-method status="FAIL" signature="flightConfirmationPage()[pri:0, instance:com.newtours.tests.BookFlightTest@f6c48ac]" name="flightConfirmationPage" duration-ms="30201" started-at="2019-11-12T03:25:23Z" depends-on-methods="com.newtours.tests.BookFlightTest.findFlightsPage" finished-at="2019-11-12T03:25:53Z">
          <exception class="org.openqa.selenium.TimeoutException">
            <message>
              <![CDATA[Expected condition failed: waiting for visibility of Proxy element for: DefaultElementLocator 'By.xpath: //font[contains(text(),'Flight')]' (tried for 30 second(s) with 500 milliseconds interval)]]>
            </message>
            <full-stacktrace>
              <![CDATA[org.openqa.selenium.TimeoutException: Expected condition failed: waiting for visibility of Proxy element for: DefaultElementLocator 'By.xpath: //font[contains(text(),'Flight')]' (tried for 30 second(s) with 500 milliseconds interval)
at org.openqa.selenium.support.ui.WebDriverWait.timeoutException(WebDriverWait.java:113)
at org.openqa.selenium.support.ui.FluentWait.until(FluentWait.java:283)
at com.newTours.pages.FlightConfirmationPage.getPrice(FlightConfirmationPage.java:34)
at com.newtours.tests.BookFlightTest.flightConfirmationPage(BookFlightTest.java:59)
at sun.reflect.NativeMethodAccessorImpl.invoke0(Native Method)
at sun.reflect.NativeMethodAccessorImpl.invoke(Unknown Source)
at sun.reflect.DelegatingMethodAccessorImpl.invoke(Unknown Source)
at java.lang.reflect.Method.invoke(Unknown Source)
at org.testng.internal.MethodInvocationHelper.invokeMethod(MethodInvocationHelper.java:124)
at org.testng.internal.Invoker.invokeMethod(Invoker.java:583)
at org.testng.internal.Invoker.invokeTestMethod(Invoker.java:719)
at org.testng.internal.Invoker.invokeTestMethods(Invoker.java:989)
at org.testng.internal.TestMethodWorker.invokeTestMethods(TestMethodWorker.java:125)
at org.testng.internal.TestMethodWorker.run(TestMethodWorker.java:109)
at org.testng.TestRunner.privateRun(TestRunner.java:648)
at org.testng.TestRunner.run(TestRunner.java:505)
at org.testng.SuiteRunner.runTest(SuiteRunner.java:455)
at org.testng.SuiteRunner.access$000(SuiteRunner.java:40)
at org.testng.SuiteRunner$SuiteWorker.run(SuiteRunner.java:489)
at org.testng.internal.thread.ThreadUtil$1.call(ThreadUtil.java:52)
at java.util.concurrent.FutureTask.run(Unknown Source)
at java.util.concurrent.ThreadPoolExecutor.runWorker(Unknown Source)
at java.util.concurrent.ThreadPoolExecutor$Worker.run(Unknown Source)
at java.lang.Thread.run(Unknown Source)
Caused by: org.openqa.selenium.NoSuchElementException: no such element: Unable to locate element: {"method":"xpath","selector":"//font[contains(text(),'Flight')]"}
  (Session info: chrome=70.0.3538.77)
  (Driver info: chromedriver=2.43.600233 (523efee95e3d68b8719b3a1c83051aa63aa6b10d),platform=Linux 4.9.125-linuxkit x86_64) (WARNING: The server did not provide any stacktrace information)
Command duration or timeout: 0 milliseconds
For documentation on this error, please visit: http://seleniumhq.org/exceptions/no_such_element.html
Build info: version: '3.14.0', revision: 'aacccce0', time: '2018-08-02T20:19:58.91Z'
System info: host: 'DESKTOP-FCV789S', ip: '10.0.75.1', os.name: 'Windows 10', os.arch: 'amd64', os.version: '10.0', java.version: '1.8.0_221'
Driver info: org.openqa.selenium.remote.RemoteWebDriver
Capabilities {acceptInsecureCerts: false, acceptSslCerts: false, applicationCacheEnabled: false, browserConnectionEnabled: false, browserName: chrome, chrome: {chromedriverVersion: 2.43.600233 (523efee95e3d68..., userDataDir: /tmp/.org.chromium.Chromium...}, cssSelectorsEnabled: true, databaseEnabled: false, goog:chromeOptions: {debuggerAddress: localhost:43987}, handlesAlerts: true, hasTouchScreen: false, javascriptEnabled: true, locationContextEnabled: true, mobileEmulationEnabled: false, nativeEvents: true, networkConnectionEnabled: false, pageLoadStrategy: normal, platform: LINUX, platformName: LINUX, rotatable: false, setWindowRect: true, takesHeapSnapshot: true, takesScreenshot: true, unexpectedAlertBehaviour: , unhandledPromptBehavior: , version: 70.0.3538.77, webStorageEnabled: true, webdriver.remote.sessionid: b70541dfa176bfc3a5ccd7188c5...}
Session ID: b70541dfa176bfc3a5ccd7188c5fd3f8
*** Element info: {Using=xpath, value=//font[contains(text(),'Flight')]}
at sun.reflect.GeneratedConstructorAccessor19.newInstance(Unknown Source)
at sun.reflect.DelegatingConstructorAccessorImpl.newInstance(Unknown Source)
at java.lang.reflect.Constructor.newInstance(Unknown Source)
at org.openqa.selenium.remote.ErrorHandler.createThrowable(ErrorHandler.java:214)
at org.openqa.selenium.remote.ErrorHandler.throwIfResponseFailed(ErrorHandler.java:166)
at org.openqa.selenium.remote.http.JsonHttpResponseCodec.reconstructValue(JsonHttpResponseCodec.java:40)
at org.openqa.selenium.remote.http.AbstractHttpResponseCodec.decode(AbstractHttpResponseCodec.java:80)
at org.openqa.selenium.remote.http.AbstractHttpResponseCodec.decode(AbstractHttpResponseCodec.java:44)
at org.openqa.selenium.remote.HttpCommandExecutor.execute(HttpCommandExecutor.java:158)
at org.openqa.selenium.remote.RemoteWebDriver.execute(RemoteWebDriver.java:548)
at org.openqa.selenium.remote.RemoteWebDriver.findElement(RemoteWebDriver.java:322)
at org.openqa.selenium.remote.RemoteWebDriver.findElementByXPath(RemoteWebDriver.java:424)
at org.openqa.selenium.By$ByXPath.findElement(By.java:353)
at org.openqa.selenium.remote.RemoteWebDriver.findElement(RemoteWebDriver.java:314)
at org.openqa.selenium.support.pagefactory.DefaultElementLocator.findElement(DefaultElementLocator.java:69)
at org.openqa.selenium.support.pagefactory.internal.LocatingElementHandler.invoke(LocatingElementHandler.java:38)
at com.sun.proxy.$Proxy10.isDisplayed(Unknown Source)
at org.openqa.selenium.support.ui.ExpectedConditions.elementIfVisible(ExpectedConditions.java:315)
at org.openqa.selenium.support.ui.ExpectedConditions.access$100(ExpectedConditions.java:44)
at org.openqa.selenium.support.ui.ExpectedConditions$10.apply(ExpectedConditions.java:301)
at org.openqa.selenium.support.ui.ExpectedConditions$10.apply(ExpectedConditions.java:298)
at org.openqa.selenium.support.ui.FluentWait.until(FluentWait.java:260)
... 22 more
]]>
            </full-stacktrace>
          </exception> <!-- org.openqa.selenium.TimeoutException -->
          <reporter-output>
          </reporter-output>
        </test-method> <!-- flightConfirmationPage -->
        <test-method status="PASS" signature="quitBrowser()[pri:0, instance:com.newtours.tests.BookFlightTest@f6c48ac]" name="quitBrowser" is-config="true" duration-ms="73" started-at="2019-11-12T03:25:53Z" finished-at="2019-11-12T03:25:53Z">
          <reporter-output>
          </reporter-output>
        </test-method> <!-- quitBrowser -->
      </class> <!-- com.newtours.tests.BookFlightTest -->
    </test> <!-- bookFlight_2 -->
    <test name="bookFlight_4" duration-ms="150317" started-at="2019-11-12T03:23:54Z" finished-at="2019-11-12T03:26:24Z">
      <class name="com.newtours.tests.BookFlightTest">
        <test-method status="PASS" signature="setupDriver()[pri:0, instance:com.newtours.tests.BookFlightTest@3fee9989]" name="setupDriver" is-config="true" duration-ms="90150" started-at="2019-11-12T03:23:54Z" finished-at="2019-11-12T03:25:24Z">
          <reporter-output>
          </reporter-output>
        </test-method> <!-- setupDriver -->
        <test-method status="PASS" signature="settinUpParameters(java.lang.String, java.lang.String)[pri:0, instance:com.newtours.tests.BookFlightTest@3fee9989]" name="settinUpParameters" is-config="true" duration-ms="0" started-at="2019-11-12T03:25:24Z" depends-on-methods="com.Tests.BaseTest.setupDriver" finished-at="2019-11-12T03:25:24Z">
          <params>
            <param index="0">
              <value>
                <![CDATA[2]]>
              </value>
            </param>
            <param index="1">
              <value>
                <![CDATA[$1172 USD]]>
              </value>
            </param>
          </params>
          <reporter-output>
          </reporter-output>
        </test-method> <!-- settinUpParameters -->
        <test-method status="PASS" signature="registrationPageTest()[pri:0, instance:com.newtours.tests.BookFlightTest@3fee9989]" name="registrationPageTest" duration-ms="53214" started-at="2019-11-12T03:25:24Z" finished-at="2019-11-12T03:26:17Z">
          <reporter-output>
          </reporter-output>
        </test-method> <!-- registrationPageTest -->
        <test-method status="PASS" signature="registrationConfirmationPage()[pri:0, instance:com.newtours.tests.BookFlightTest@3fee9989]" name="registrationConfirmationPage" duration-ms="1275" started-at="2019-11-12T03:26:17Z" depends-on-methods="com.newtours.tests.BookFlightTest.registrationPageTest" finished-at="2019-11-12T03:26:18Z">
          <reporter-output>
          </reporter-output>
        </test-method> <!-- registrationConfirmationPage -->
        <test-method status="PASS" signature="flightDetailsPage()[pri:0, instance:com.newtours.tests.BookFlightTest@3fee9989]" name="flightDetailsPage" duration-ms="1191" started-at="2019-11-12T03:26:18Z" depends-on-methods="com.newtours.tests.BookFlightTest.registrationConfirmationPage" finished-at="2019-11-12T03:26:20Z">
          <reporter-output>
          </reporter-output>
        </test-method> <!-- flightDetailsPage -->
        <test-method status="PASS" signature="findFlightsPage()[pri:0, instance:com.newtours.tests.BookFlightTest@3fee9989]" name="findFlightsPage" duration-ms="2882" started-at="2019-11-12T03:26:20Z" depends-on-methods="com.newtours.tests.BookFlightTest.flightDetailsPage" finished-at="2019-11-12T03:26:22Z">
          <reporter-output>
          </reporter-output>
        </test-method> <!-- findFlightsPage -->
        <test-method status="FAIL" signature="flightConfirmationPage()[pri:0, instance:com.newtours.tests.BookFlightTest@3fee9989]" name="flightConfirmationPage" duration-ms="1505" started-at="2019-11-12T03:26:22Z" depends-on-methods="com.newtours.tests.BookFlightTest.findFlightsPage" finished-at="2019-11-12T03:26:24Z">
          <exception class="java.lang.AssertionError">
            <message>
              <![CDATA[expected [$1172 USD] but found [$1169 USD]]]>
            </message>
            <full-stacktrace>
              <![CDATA[java.lang.AssertionError: expected [$1172 USD] but found [$1169 USD]
at org.testng.Assert.fail(Assert.java:96)
at org.testng.Assert.failNotEquals(Assert.java:776)
at org.testng.Assert.assertEqualsImpl(Assert.java:137)
at org.testng.Assert.assertEquals(Assert.java:118)
at org.testng.Assert.assertEquals(Assert.java:453)
at org.testng.Assert.assertEquals(Assert.java:463)
at com.newtours.tests.BookFlightTest.flightConfirmationPage(BookFlightTest.java:60)
at sun.reflect.NativeMethodAccessorImpl.invoke0(Native Method)
at sun.reflect.NativeMethodAccessorImpl.invoke(Unknown Source)
at sun.reflect.DelegatingMethodAccessorImpl.invoke(Unknown Source)
at java.lang.reflect.Method.invoke(Unknown Source)
at org.testng.internal.MethodInvocationHelper.invokeMethod(MethodInvocationHelper.java:124)
at org.testng.internal.Invoker.invokeMethod(Invoker.java:583)
at org.testng.internal.Invoker.invokeTestMethod(Invoker.java:719)
at org.testng.internal.Invoker.invokeTestMethods(Invoker.java:989)
at org.testng.internal.TestMethodWorker.invokeTestMethods(TestMethodWorker.java:125)
at org.testng.internal.TestMethodWorker.run(TestMethodWorker.java:109)
at org.testng.TestRunner.privateRun(TestRunner.java:648)
at org.testng.TestRunner.run(TestRunner.java:505)
at org.testng.SuiteRunner.runTest(SuiteRunner.java:455)
at org.testng.SuiteRunner.access$000(SuiteRunner.java:40)
at org.testng.SuiteRunner$SuiteWorker.run(SuiteRunner.java:489)
at org.testng.internal.thread.ThreadUtil$1.call(ThreadUtil.java:52)
at java.util.concurrent.FutureTask.run(Unknown Source)
at java.util.concurrent.ThreadPoolExecutor.runWorker(Unknown Source)
at java.util.concurrent.ThreadPoolExecutor$Worker.run(Unknown Source)
at java.lang.Thread.run(Unknown Source)
]]>
            </full-stacktrace>
          </exception> <!-- java.lang.AssertionError -->
          <reporter-output>
          </reporter-output>
        </test-method> <!-- flightConfirmationPage -->
        <test-method status="PASS" signature="quitBrowser()[pri:0, instance:com.newtours.tests.BookFlightTest@3fee9989]" name="quitBrowser" is-config="true" duration-ms="69" started-at="2019-11-12T03:26:24Z" finished-at="2019-11-12T03:26:24Z">
          <reporter-output>
          </reporter-output>
        </test-method> <!-- quitBrowser -->
      </class> <!-- com.newtours.tests.BookFlightTest -->
    </test> <!-- bookFlight_4 -->
  </suite> <!-- book-flight-module -->
</testng-results>
