<?xml version="1.0" encoding="UTF-8"?>
<!-- Generated by org.testng.reporters.JUnitXMLReporter -->
<testsuite hostname="DESKTOP-FCV789S" ignored="0" name="bookFlight_2" tests="5" failures="0" timestamp="14 Nov 2019 05:16:06 GMT" time="41.438" errors="0">
  <testcase name="registrationPageTest" time="28.049" classname="com.newtours.tests.BookFlightTest"/>
  <testcase name="registrationConfirmationPage" time="1.602" classname="com.newtours.tests.BookFlightTest"/>
  <testcase name="flightDetailsPage" time="1.485" classname="com.newtours.tests.BookFlightTest"/>
  <testcase name="findFlightsPage" time="2.961" classname="com.newtours.tests.BookFlightTest"/>
  <testcase name="flightConfirmationPage" time="1.638" classname="com.newtours.tests.BookFlightTest"/>
</testsuite> <!-- bookFlight_2 -->
