<?xml version="1.0" encoding="UTF-8"?>
<!-- Generated by org.testng.reporters.JUnitXMLReporter -->
<testsuite hostname="DESKTOP-FCV789S" ignored="0" name="bookFlight" tests="5" failures="0" timestamp="09 Nov 2019 07:55:13 GMT" time="16.312" errors="0">
  <testcase name="registrationPageTest" time="4.094" classname="com.newtours.tests.BookFlightTest"/>
  <testcase name="registrationConfirmationPage" time="1.777" classname="com.newtours.tests.BookFlightTest"/>
  <testcase name="flightDetailsPage" time="1.217" classname="com.newtours.tests.BookFlightTest"/>
  <testcase name="findFlightsPage" time="3.171" classname="com.newtours.tests.BookFlightTest"/>
  <testcase name="flightConfirmationPage" time="1.83" classname="com.newtours.tests.BookFlightTest"/>
</testsuite> <!-- bookFlight -->
