<?xml version="1.0" encoding="UTF-8"?>
<!-- Generated by org.testng.reporters.JUnitXMLReporter -->
<testsuite hostname="DESKTOP-FCV789S" ignored="0" name="bookFlight_4" tests="5" failures="0" timestamp="14 Nov 2019 05:16:06 GMT" time="41.41" errors="0">
  <testcase name="registrationPageTest" time="27.854" classname="com.newtours.tests.BookFlightTest"/>
  <testcase name="registrationConfirmationPage" time="1.621" classname="com.newtours.tests.BookFlightTest"/>
  <testcase name="flightDetailsPage" time="1.266" classname="com.newtours.tests.BookFlightTest"/>
  <testcase name="findFlightsPage" time="2.866" classname="com.newtours.tests.BookFlightTest"/>
  <testcase name="flightConfirmationPage" time="1.716" classname="com.newtours.tests.BookFlightTest"/>
</testsuite> <!-- bookFlight_4 -->
