<?xml version="1.0" encoding="UTF-8"?>
<!-- Generated by org.testng.reporters.JUnitXMLReporter -->
<testsuite hostname="DESKTOP-FCV789S" ignored="0" name="bookFlight_2" tests="5" failures="1" timestamp="09 Nov 2019 17:46:27 GMT" time="16.435" errors="0">
  <testcase name="registrationPageTest" time="5.465" classname="com.newtours.tests.BookFlightTest"/>
  <testcase name="registrationConfirmationPage" time="2.264" classname="com.newtours.tests.BookFlightTest"/>
  <testcase name="flightDetailsPage" time="1.68" classname="com.newtours.tests.BookFlightTest"/>
  <testcase name="findFlightsPage" time="3.768" classname="com.newtours.tests.BookFlightTest"/>
  <testcase name="flightConfirmationPage" time="2.025" classname="com.newtours.tests.BookFlightTest">
    <failure type="java.lang.AssertionError" message="expected [$1170 USD] but found [$1169 USD]">
      <![CDATA[java.lang.AssertionError: expected [$1170 USD] but found [$1169 USD]
at com.newtours.tests.BookFlightTest.flightConfirmationPage(BookFlightTest.java:60)
... Removed 31 stack frames]]>
    </failure>
  </testcase> <!-- flightConfirmationPage -->
</testsuite> <!-- bookFlight_2 -->
