<?xml version="1.0" encoding="UTF-8"?>
<!-- Generated by org.testng.reporters.JUnitXMLReporter -->
<testsuite hostname="DESKTOP-FCV789S" ignored="0" name="bookFlight_1" tests="5" failures="0" timestamp="12 Nov 2019 03:25:22 GMT" time="88.124" errors="0">
  <testcase name="registrationPageTest" time="66.288" classname="com.newtours.tests.BookFlightTest"/>
  <testcase name="registrationConfirmationPage" time="1.861" classname="com.newtours.tests.BookFlightTest"/>
  <testcase name="flightDetailsPage" time="2.407" classname="com.newtours.tests.BookFlightTest"/>
  <testcase name="findFlightsPage" time="4.053" classname="com.newtours.tests.BookFlightTest"/>
  <testcase name="flightConfirmationPage" time="2.175" classname="com.newtours.tests.BookFlightTest"/>
</testsuite> <!-- bookFlight_1 -->
